<html>
<head>
<title>TestNG:  Test</title>
<link href="../testng.css" rel="stylesheet" type="text/css" />
<link href="../my-testng.css" rel="stylesheet" type="text/css" />

<style type="text/css">
.log { display: none;} 
.stack-trace { display: none;} 
</style>
<script type="text/javascript">
<!--
function flip(e) {
  current = e.style.display;
  if (current == 'block') {
    e.style.display = 'none';
    return 0;
  }
  else {
    e.style.display = 'block';
    return 1;
  }
}

function toggleBox(szDivId, elem, msg1, msg2)
{
  var res = -1;  if (document.getElementById) {
    res = flip(document.getElementById(szDivId));
  }
  else if (document.all) {
    // this is the way old msie versions work
    res = flip(document.all[szDivId]);
  }
  if(elem) {
    if(res == 0) elem.innerHTML = msg1; else elem.innerHTML = msg2;
  }

}

function toggleAllBoxes() {
  if (document.getElementsByTagName) {
    d = document.getElementsByTagName('div');
    for (i = 0; i < d.length; i++) {
      if (d[i].className == 'log') {
        flip(d[i]);
      }
    }
  }
}

// -->
</script>

</head>
<body>
<h2 align='center'>Test</h2><table border='1' align="center">
<tr>
<td>Tests passed/Failed/Skipped:</td><td>11/1/0</td>
</tr><tr>
<td>Started on:</td><td>Tue Mar 06 16:13:16 IST 2018</td>
</tr>
<tr><td>Total time:</td><td>22 seconds (22356 ms)</td>
</tr><tr>
<td>Included groups:</td><td></td>
</tr><tr>
<td>Excluded groups:</td><td></td>
</tr>
</table><p/>
<small><i>(Hover the method name to see the test class name)</i></small><p/>
<table width='100%' border='1' class='invocation-failed'>
<tr><td colspan='4' align='center'><b>FAILED TESTS</b></td></tr>
<tr><td><b>Test method</b></td>
<td width="30%"><b>Exception</b></td>
<td width="10%"><b>Time (seconds)</b></td>
<td><b>Instance</b></td>
</tr>
<tr>
<td title='testng.HardSoftAssertTest.appLaunch()'><b>appLaunch</b><br>Test class: testng.HardSoftAssertTest</td>
<td><div><pre>java.lang.AssertionError: The following asserts failed:
	expected [13] but found [12]
	at testng.HardSoftAssertTest.appLaunch(HardSoftAssertTest.java:16)
... Removed 25 stack frames</pre></div><a href='#' onClick='toggleBox("stack-trace493119267", this, "Click to show all stack frames", "Click to hide stack frames")'>Click to show all stack frames</a>
<div class='stack-trace' id='stack-trace493119267'><pre>java.lang.AssertionError: The following asserts failed:
	expected [13] but found [12]
	at org.testng.asserts.SoftAssert.assertAll(SoftAssert.java:43)
	at testng.HardSoftAssertTest.appLaunch(HardSoftAssertTest.java:16)
	at sun.reflect.NativeMethodAccessorImpl.invoke0(Native Method)
	at sun.reflect.NativeMethodAccessorImpl.invoke(NativeMethodAccessorImpl.java:57)
	at sun.reflect.DelegatingMethodAccessorImpl.invoke(DelegatingMethodAccessorImpl.java:43)
	at java.lang.reflect.Method.invoke(Method.java:606)
	at org.testng.internal.MethodInvocationHelper.invokeMethod(MethodInvocationHelper.java:85)
	at org.testng.internal.Invoker.invokeMethod(Invoker.java:639)
	at org.testng.internal.Invoker.invokeTestMethod(Invoker.java:816)
	at org.testng.internal.Invoker.invokeTestMethods(Invoker.java:1124)
	at org.testng.internal.TestMethodWorker.invokeTestMethods(TestMethodWorker.java:125)
	at org.testng.internal.TestMethodWorker.run(TestMethodWorker.java:108)
	at org.testng.TestRunner.privateRun(TestRunner.java:774)
	at org.testng.TestRunner.run(TestRunner.java:624)
	at org.testng.SuiteRunner.runTest(SuiteRunner.java:359)
	at org.testng.SuiteRunner.runSequentially(SuiteRunner.java:354)
	at org.testng.SuiteRunner.privateRun(SuiteRunner.java:312)
	at org.testng.SuiteRunner.run(SuiteRunner.java:261)
	at org.testng.SuiteRunnerWorker.runSuite(SuiteRunnerWorker.java:52)
	at org.testng.SuiteRunnerWorker.run(SuiteRunnerWorker.java:86)
	at org.testng.TestNG.runSuitesSequentially(TestNG.java:1215)
	at org.testng.TestNG.runSuitesLocally(TestNG.java:1140)
	at org.testng.TestNG.run(TestNG.java:1048)
	at org.testng.remote.AbstractRemoteTestNG.run(AbstractRemoteTestNG.java:114)
	at org.testng.remote.RemoteTestNG.initAndRun(RemoteTestNG.java:251)
	at org.testng.remote.RemoteTestNG.main(RemoteTestNG.java:77)
</pre></div></td>
<td>0</td>
<td>testng.HardSoftAssertTest@5c8edb94</td></tr>
</table><p>
<table width='100%' border='1' class='invocation-passed'>
<tr><td colspan='4' align='center'><b>PASSED TESTS</b></td></tr>
<tr><td><b>Test method</b></td>
<td width="30%"><b>Exception</b></td>
<td width="10%"><b>Time (seconds)</b></td>
<td><b>Instance</b></td>
</tr>
<tr>
<td title='testng.AdminLoginTest.adminLogin()'><b>adminLogin</b><br>Test class: testng.AdminLoginTest</td>
<td></td>
<td>10</td>
<td>testng.AdminLoginTest@2d5b865e</td></tr>
<tr>
<td title='testng.MultipleTestNgTest.appClose()'><b>appClose</b><br>Test class: testng.MultipleTestNgTest</td>
<td></td>
<td>0</td>
<td>testng.MultipleTestNgTest@28262531</td></tr>
<tr>
<td title='testng.HardSoftAssertTest.appLogin()'><b>appLogin</b><br>Test class: testng.HardSoftAssertTest</td>
<td></td>
<td>0</td>
<td>testng.HardSoftAssertTest@5c8edb94</td></tr>
<tr>
<td title='testng.AdminLoginBTAT.appLogin()'><b>appLogin</b><br>Test class: testng.AdminLoginBTAT</td>
<td></td>
<td>2</td>
<td>testng.AdminLoginBTAT@12da876</td></tr>
<tr>
<td title='testng.MultipleTestNgTest.appLogin()'><b>appLogin</b><br>Test class: testng.MultipleTestNgTest</td>
<td></td>
<td>0</td>
<td>testng.MultipleTestNgTest@28262531</td></tr>
<tr>
<td title='testng.FirstTestNgTest.first()'><b>first</b><br>Test class: testng.FirstTestNgTest</td>
<td></td>
<td>0</td>
<td>testng.FirstTestNgTest@26f20105</td></tr>
<tr>
<td title='testng.AnnotationTest.method1()'><b>method1</b><br>Test class: testng.AnnotationTest</td>
<td></td>
<td>0</td>
<td>testng.AnnotationTest@5a21033c</td></tr>
<tr>
<td title='testng.AnnotationTest1.method1()'><b>method1</b><br>Test class: testng.AnnotationTest1</td>
<td></td>
<td>0</td>
<td>testng.AnnotationTest1@6f1ba9df</td></tr>
<tr>
<td title='testng.AnnotationTest.method2()'><b>method2</b><br>Test class: testng.AnnotationTest</td>
<td></td>
<td>0</td>
<td>testng.AnnotationTest@5a21033c</td></tr>
<tr>
<td title='testng.AnnotationTest1.method2()'><b>method2</b><br>Test class: testng.AnnotationTest1</td>
<td></td>
<td>0</td>
<td>testng.AnnotationTest1@6f1ba9df</td></tr>
<tr>
<td title='testng.ValidationTest.stringCom()'><b>stringCom</b><br>Test class: testng.ValidationTest</td>
<td></td>
<td>0</td>
<td>testng.ValidationTest@53d29c95</td></tr>
</table><p>
</body>
</html>